
> ecommerce-hackathon@1.0.0 db:seed
> tsx prisma/seed.ts

C:\Users\joaog\Documents\Hackaton\node_modules\@prisma\client\src\runtime\getPrismaClient.ts:320
        throw new PrismaClientInitializationError(
              ^

PrismaClientInitializationError: `PrismaClient` needs to be constructed with a non-empty, valid `PrismaClientOptions`:

```
new PrismaClient({
  ...
})
```

or

```
constructor() {
  super({ ... });
}
```
          
    at new t (C:\Users\joaog\Documents\Hackaton\node_modules\@prisma\client\src\runtime\getPrismaClient.ts:320:15)
    at <anonymous> (C:\Users\joaog\Documents\Hackaton\prisma\seed.ts:5:16)
    at Object.<anonymous> (C:\Users\joaog\Documents\Hackaton\prisma\seed.ts:213:55)
    at Module._compile (node:internal/modules/cjs/loader:1812:14)
    at Object.transformer (C:\Users\joaog\Documents\Hackaton\node_modules\tsx\dist\register-D46fvsV_.cjs:3:1104)
    at Module.load (node:internal/modules/cjs/loader:1533:32)
    at Module._load (node:internal/modules/cjs/loader:1335:12)
    at wrapModuleLoad (node:internal/modules/cjs/loader:255:19)
    at loadCJSModuleWithModuleLoad (node:internal/modules/esm/translators:328:3)
    at ModuleWrap.<anonymous> (node:internal/modules/esm/translators:233:7) {
  clientVersion: '7.5.0',
  errorCode: undefined,
  retryable: undefined
}

Node.js v24.14.0
